Emissions cap activated
LIFETIME = 30.0
DISCOUNT_RATE = 0.05
STOR_TYPE = 2
Running 0.01_2400.0_3.0_stor2 case
Running 0.01_2400.0_1.0_stor2 case
Running 0.01_2400.0_2.0_stor2 case
Running 0.01_2400.0_4.0_stor2 case
Running 0.01_2400.0_5.0_stor2 case
Running 0.01_2400.0_6.0_stor2 case
Running 0.01_2400.0_7.0_stor2 case
Running 0.01_2400.0_8.0_stor2 case
Running 0.01_2400.0_9.0_stor2 case
Running 0.01_2400.0_10.0_stor2 case
Running 0.01_2400.0_11.0_stor2 case
Running 0.01_2400.0_12.0_stor2 case
Running 0.01_2400.0_13.0_stor2 case
Running 0.01_2400.0_14.0_stor2 case
Running 0.01_2400.0_15.0_stor2 case
Running 0.01_2300.0_3.0_stor2 case
Running 0.01_2300.0_1.0_stor2 case
Running 0.01_2300.0_2.0_stor2 case
Running 0.01_2300.0_4.0_stor2 case
Running 0.01_2300.0_5.0_stor2 case
Running 0.01_2300.0_6.0_stor2 case
Running 0.01_2300.0_7.0_stor2 case
Running 0.01_2300.0_8.0_stor2 case
Running 0.01_2300.0_9.0_stor2 case
Running 0.01_2300.0_10.0_stor2 case
Running 0.01_2300.0_11.0_stor2 case
Running 0.01_2300.0_12.0_stor2 case
Running 0.01_2300.0_13.0_stor2 case
Running 0.01_2300.0_14.0_stor2 case
Running 0.01_2300.0_15.0_stor2 case
Running 0.01_2100.0_3.0_stor2 case
Running 0.01_2100.0_1.0_stor2 case
Running 0.01_2100.0_2.0_stor2 case
Running 0.01_2100.0_4.0_stor2 case
Running 0.01_2100.0_5.0_stor2 case
Running 0.01_2100.0_6.0_stor2 case
Running 0.01_2100.0_7.0_stor2 case
Running 0.01_2100.0_8.0_stor2 case
Running 0.01_2100.0_9.0_stor2 case
Running 0.01_2100.0_10.0_stor2 case
Running 0.01_2100.0_11.0_stor2 case
Running 0.01_2100.0_12.0_stor2 case
Running 0.01_2100.0_13.0_stor2 case
Running 0.01_2100.0_14.0_stor2 case
Running 0.01_2100.0_15.0_stor2 case
Running 0.01_1900.0_3.0_stor2 case
Running 0.01_1900.0_1.0_stor2 case
Running 0.01_1900.0_2.0_stor2 case
Running 0.01_1900.0_4.0_stor2 case
Running 0.01_1900.0_5.0_stor2 case
Running 0.01_1900.0_6.0_stor2 case
Running 0.01_1900.0_7.0_stor2 case
Running 0.01_1900.0_8.0_stor2 case
Running 0.01_1900.0_9.0_stor2 case
Running 0.01_1900.0_10.0_stor2 case
Running 0.01_1900.0_11.0_stor2 case
Running 0.01_1900.0_12.0_stor2 case
Running 0.01_1900.0_13.0_stor2 case
Running 0.01_1900.0_14.0_stor2 case
Running 0.01_1900.0_15.0_stor2 case
Running 0.10_2400.0_3.0_stor2 case
Running 0.10_2400.0_1.0_stor2 case
Running 0.10_2400.0_2.0_stor2 case
Running 0.10_2400.0_4.0_stor2 case
Running 0.10_2400.0_5.0_stor2 case
Running 0.10_2400.0_6.0_stor2 case
Running 0.10_2400.0_7.0_stor2 case
Running 0.10_2400.0_8.0_stor2 case
Running 0.10_2400.0_9.0_stor2 case
Running 0.10_2400.0_10.0_stor2 case
Running 0.10_2400.0_11.0_stor2 case
Running 0.10_2400.0_12.0_stor2 case
Running 0.10_2400.0_13.0_stor2 case
Running 0.10_2400.0_14.0_stor2 case
Running 0.10_2400.0_15.0_stor2 case
Running 0.10_2300.0_3.0_stor2 case
Running 0.10_2300.0_1.0_stor2 case
Running 0.10_2300.0_2.0_stor2 case
Running 0.10_2300.0_4.0_stor2 case
Running 0.10_2300.0_5.0_stor2 case
Running 0.10_2300.0_6.0_stor2 case
Running 0.10_2300.0_7.0_stor2 case
Running 0.10_2300.0_8.0_stor2 case
Running 0.10_2300.0_9.0_stor2 case
Running 0.10_2300.0_10.0_stor2 case
Running 0.10_2300.0_11.0_stor2 case
Running 0.10_2300.0_12.0_stor2 case
Running 0.10_2300.0_13.0_stor2 case
Running 0.10_2300.0_14.0_stor2 case
Running 0.10_2300.0_15.0_stor2 case
Running 0.10_2100.0_3.0_stor2 case
Running 0.10_2100.0_1.0_stor2 case
Running 0.10_2100.0_2.0_stor2 case
Running 0.10_2100.0_4.0_stor2 case
Running 0.10_2100.0_5.0_stor2 case
Running 0.10_2100.0_6.0_stor2 case
Running 0.10_2100.0_7.0_stor2 case
Running 0.10_2100.0_8.0_stor2 case
Running 0.10_2100.0_9.0_stor2 case
Running 0.10_2100.0_10.0_stor2 case
Running 0.10_2100.0_11.0_stor2 case
Running 0.10_2100.0_12.0_stor2 case
Running 0.10_2100.0_13.0_stor2 case
Running 0.10_2100.0_14.0_stor2 case
Running 0.10_2100.0_15.0_stor2 case
Running 0.10_1900.0_3.0_stor2 case
Running 0.10_1900.0_1.0_stor2 case
Running 0.10_1900.0_2.0_stor2 case
Running 0.10_1900.0_4.0_stor2 case
Running 0.10_1900.0_5.0_stor2 case
Running 0.10_1900.0_6.0_stor2 case
Running 0.10_1900.0_7.0_stor2 case
Running 0.10_1900.0_8.0_stor2 case
Running 0.10_1900.0_9.0_stor2 case
Running 0.10_1900.0_10.0_stor2 case
Running 0.10_1900.0_11.0_stor2 case
Running 0.10_1900.0_12.0_stor2 case
Running 0.10_1900.0_13.0_stor2 case
Running 0.10_1900.0_14.0_stor2 case
Running 0.10_1900.0_15.0_stor2 case
Running 0.05_2400.0_3.0_stor2 case
Running 0.05_2400.0_1.0_stor2 case
Running 0.05_2400.0_2.0_stor2 case
Running 0.05_2400.0_4.0_stor2 case
Running 0.05_2400.0_5.0_stor2 case
Running 0.05_2400.0_6.0_stor2 case
Running 0.05_2400.0_7.0_stor2 case
Running 0.05_2400.0_8.0_stor2 case
Running 0.05_2400.0_9.0_stor2 case
Running 0.05_2400.0_10.0_stor2 case
Running 0.05_2400.0_11.0_stor2 case
Running 0.05_2400.0_12.0_stor2 case
Running 0.05_2400.0_13.0_stor2 case
Running 0.05_2400.0_14.0_stor2 case
Running 0.05_2400.0_15.0_stor2 case
Running 0.05_2300.0_3.0_stor2 case
Running 0.05_2300.0_1.0_stor2 case
Running 0.05_2300.0_2.0_stor2 case
Running 0.05_2300.0_4.0_stor2 case
Running 0.05_2300.0_5.0_stor2 case
Running 0.05_2300.0_6.0_stor2 case
Running 0.05_2300.0_7.0_stor2 case
Running 0.05_2300.0_8.0_stor2 case
Running 0.05_2300.0_9.0_stor2 case
Running 0.05_2300.0_10.0_stor2 case
Running 0.05_2300.0_11.0_stor2 case
Running 0.05_2300.0_12.0_stor2 case
Running 0.05_2300.0_13.0_stor2 case
Running 0.05_2300.0_14.0_stor2 case
Running 0.05_2300.0_15.0_stor2 case
Running 0.05_2100.0_3.0_stor2 case
Running 0.05_2100.0_1.0_stor2 case
Running 0.05_2100.0_2.0_stor2 case
Running 0.05_2100.0_4.0_stor2 case
Running 0.05_2100.0_5.0_stor2 case
Running 0.05_2100.0_6.0_stor2 case
Running 0.05_2100.0_7.0_stor2 case
Running 0.05_2100.0_8.0_stor2 case
Running 0.05_2100.0_9.0_stor2 case
Running 0.05_2100.0_10.0_stor2 case
Running 0.05_2100.0_11.0_stor2 case
Running 0.05_2100.0_12.0_stor2 case
Running 0.05_2100.0_13.0_stor2 case
Running 0.05_2100.0_14.0_stor2 case
Running 0.05_2100.0_15.0_stor2 case
Running 0.05_1900.0_3.0_stor2 case
Running 0.05_1900.0_1.0_stor2 case
Running 0.05_1900.0_2.0_stor2 case
Running 0.05_1900.0_4.0_stor2 case
Running 0.05_1900.0_5.0_stor2 case
Running 0.05_1900.0_6.0_stor2 case
Running 0.05_1900.0_7.0_stor2 case
Running 0.05_1900.0_8.0_stor2 case
Running 0.05_1900.0_9.0_stor2 case
Running 0.05_1900.0_10.0_stor2 case
Running 0.05_1900.0_11.0_stor2 case
Running 0.05_1900.0_12.0_stor2 case
Running 0.05_1900.0_13.0_stor2 case
Running 0.05_1900.0_14.0_stor2 case
Running 0.05_1900.0_15.0_stor2 case
Running 0.20_2400.0_3.0_stor2 case
Running 0.20_2400.0_1.0_stor2 case
Running 0.20_2400.0_2.0_stor2 case
Running 0.20_2400.0_4.0_stor2 case
Running 0.20_2400.0_5.0_stor2 case
Running 0.20_2400.0_6.0_stor2 case
Running 0.20_2400.0_7.0_stor2 case
Running 0.20_2400.0_8.0_stor2 case
Running 0.20_2400.0_9.0_stor2 case
Running 0.20_2400.0_10.0_stor2 case
Running 0.20_2400.0_11.0_stor2 case
Running 0.20_2400.0_12.0_stor2 case
Running 0.20_2400.0_13.0_stor2 case
Running 0.20_2400.0_14.0_stor2 case
Running 0.20_2400.0_15.0_stor2 case
Running 0.20_2300.0_3.0_stor2 case
Running 0.20_2300.0_1.0_stor2 case
Running 0.20_2300.0_2.0_stor2 case
Running 0.20_2300.0_4.0_stor2 case
Running 0.20_2300.0_5.0_stor2 case
Running 0.20_2300.0_6.0_stor2 case
Running 0.20_2300.0_7.0_stor2 case
Running 0.20_2300.0_8.0_stor2 case
Running 0.20_2300.0_9.0_stor2 case
Running 0.20_2300.0_10.0_stor2 case
Running 0.20_2300.0_11.0_stor2 case
Running 0.20_2300.0_12.0_stor2 case
Running 0.20_2300.0_13.0_stor2 case
Running 0.20_2300.0_14.0_stor2 case
Running 0.20_2300.0_15.0_stor2 case
Running 0.20_2100.0_3.0_stor2 case
Running 0.20_2100.0_1.0_stor2 case
Running 0.20_2100.0_2.0_stor2 case
Running 0.20_2100.0_4.0_stor2 case
Running 0.20_2100.0_5.0_stor2 case
Running 0.20_2100.0_6.0_stor2 case
Running 0.20_2100.0_7.0_stor2 case
Running 0.20_2100.0_8.0_stor2 case
Running 0.20_2100.0_9.0_stor2 case
Running 0.20_2100.0_10.0_stor2 case
Running 0.20_2100.0_11.0_stor2 case
Running 0.20_2100.0_12.0_stor2 case
Running 0.20_2100.0_13.0_stor2 case
Running 0.20_2100.0_14.0_stor2 case
Running 0.20_2100.0_15.0_stor2 case
Running 0.20_1900.0_3.0_stor2 case
Running 0.20_1900.0_1.0_stor2 case
Running 0.20_1900.0_2.0_stor2 case
Running 0.20_1900.0_4.0_stor2 case
Running 0.20_1900.0_5.0_stor2 case
Running 0.20_1900.0_6.0_stor2 case
Running 0.20_1900.0_7.0_stor2 case
Running 0.20_1900.0_8.0_stor2 case
Running 0.20_1900.0_9.0_stor2 case
Running 0.20_1900.0_10.0_stor2 case
Running 0.20_1900.0_11.0_stor2 case
Running 0.20_1900.0_12.0_stor2 case
Running 0.20_1900.0_13.0_stor2 case
Running 0.20_1900.0_14.0_stor2 case
Running 0.20_1900.0_15.0_stor2 case
Emissions cap activated
LIFETIME = 30.0
DISCOUNT_RATE = 0.05
STOR_TYPE = 2
Running 0.01_2400.0_3.0_stor2 case
Running 0.01_2400.0_1.0_stor2 case
Running 0.01_2400.0_2.0_stor2 case
Running 0.01_2400.0_4.0_stor2 case
Running 0.01_2400.0_5.0_stor2 case
Running 0.01_2400.0_6.0_stor2 case
Running 0.01_2400.0_7.0_stor2 case
Running 0.01_2400.0_8.0_stor2 case
Running 0.01_2400.0_9.0_stor2 case
Running 0.01_2400.0_10.0_stor2 case
Running 0.01_2400.0_11.0_stor2 case
Running 0.01_2400.0_12.0_stor2 case
Running 0.01_2400.0_13.0_stor2 case
Running 0.01_2400.0_14.0_stor2 case
Running 0.01_2400.0_15.0_stor2 case
Running 0.01_2300.0_3.0_stor2 case
Running 0.01_2300.0_1.0_stor2 case
Running 0.01_2300.0_2.0_stor2 case
Running 0.01_2300.0_4.0_stor2 case
Running 0.01_2300.0_5.0_stor2 case
Running 0.01_2300.0_6.0_stor2 case
Running 0.01_2300.0_7.0_stor2 case
Running 0.01_2300.0_8.0_stor2 case
Running 0.01_2300.0_9.0_stor2 case
Running 0.01_2300.0_10.0_stor2 case
Running 0.01_2300.0_11.0_stor2 case
Running 0.01_2300.0_12.0_stor2 case
Running 0.01_2300.0_13.0_stor2 case
Running 0.01_2300.0_14.0_stor2 case
Running 0.01_2300.0_15.0_stor2 case
Running 0.01_2100.0_3.0_stor2 case
Running 0.01_2100.0_1.0_stor2 case
Running 0.01_2100.0_2.0_stor2 case
Running 0.01_2100.0_4.0_stor2 case
Running 0.01_2100.0_5.0_stor2 case
Running 0.01_2100.0_6.0_stor2 case
Running 0.01_2100.0_7.0_stor2 case
Running 0.01_2100.0_8.0_stor2 case
Running 0.01_2100.0_9.0_stor2 case
Running 0.01_2100.0_10.0_stor2 case
Running 0.01_2100.0_11.0_stor2 case
Running 0.01_2100.0_12.0_stor2 case
Running 0.01_2100.0_13.0_stor2 case
Running 0.01_2100.0_14.0_stor2 case
Running 0.01_2100.0_15.0_stor2 case
Running 0.01_1900.0_3.0_stor2 case
Running 0.01_1900.0_1.0_stor2 case
Running 0.01_1900.0_2.0_stor2 case
Running 0.01_1900.0_4.0_stor2 case
Running 0.01_1900.0_5.0_stor2 case
Running 0.01_1900.0_6.0_stor2 case
Running 0.01_1900.0_7.0_stor2 case
Running 0.01_1900.0_8.0_stor2 case
Running 0.01_1900.0_9.0_stor2 case
Running 0.01_1900.0_10.0_stor2 case
Running 0.01_1900.0_11.0_stor2 case
Running 0.01_1900.0_12.0_stor2 case
Running 0.01_1900.0_13.0_stor2 case
Running 0.01_1900.0_14.0_stor2 case
Running 0.01_1900.0_15.0_stor2 case
Running 0.10_2400.0_3.0_stor2 case
Running 0.10_2400.0_1.0_stor2 case
Running 0.10_2400.0_2.0_stor2 case
Running 0.10_2400.0_4.0_stor2 case
Running 0.10_2400.0_5.0_stor2 case
Running 0.10_2400.0_6.0_stor2 case
Running 0.10_2400.0_7.0_stor2 case
Running 0.10_2400.0_8.0_stor2 case
Running 0.10_2400.0_9.0_stor2 case
Running 0.10_2400.0_10.0_stor2 case
Running 0.10_2400.0_11.0_stor2 case
Running 0.10_2400.0_12.0_stor2 case
Running 0.10_2400.0_13.0_stor2 case
Running 0.10_2400.0_14.0_stor2 case
Running 0.10_2400.0_15.0_stor2 case
Running 0.10_2300.0_3.0_stor2 case
Running 0.10_2300.0_1.0_stor2 case
Running 0.10_2300.0_2.0_stor2 case
Running 0.10_2300.0_4.0_stor2 case
Running 0.10_2300.0_5.0_stor2 case
Running 0.10_2300.0_6.0_stor2 case
Running 0.10_2300.0_7.0_stor2 case
Running 0.10_2300.0_8.0_stor2 case
Running 0.10_2300.0_9.0_stor2 case
Running 0.10_2300.0_10.0_stor2 case
Running 0.10_2300.0_11.0_stor2 case
Running 0.10_2300.0_12.0_stor2 case
Running 0.10_2300.0_13.0_stor2 case
Running 0.10_2300.0_14.0_stor2 case
Running 0.10_2300.0_15.0_stor2 case
Running 0.10_2100.0_3.0_stor2 case
Running 0.10_2100.0_1.0_stor2 case
Running 0.10_2100.0_2.0_stor2 case
Running 0.10_2100.0_4.0_stor2 case
Running 0.10_2100.0_5.0_stor2 case
Running 0.10_2100.0_6.0_stor2 case
Running 0.10_2100.0_7.0_stor2 case
Running 0.10_2100.0_8.0_stor2 case
Running 0.10_2100.0_9.0_stor2 case
Running 0.10_2100.0_10.0_stor2 case
Running 0.10_2100.0_11.0_stor2 case
Running 0.10_2100.0_12.0_stor2 case
Running 0.10_2100.0_13.0_stor2 case
Running 0.10_2100.0_14.0_stor2 case
Running 0.10_2100.0_15.0_stor2 case
Running 0.10_1900.0_3.0_stor2 case
Running 0.10_1900.0_1.0_stor2 case
Running 0.10_1900.0_2.0_stor2 case
Running 0.10_1900.0_4.0_stor2 case
Running 0.10_1900.0_5.0_stor2 case
Running 0.10_1900.0_6.0_stor2 case
Running 0.10_1900.0_7.0_stor2 case
Running 0.10_1900.0_8.0_stor2 case
Running 0.10_1900.0_9.0_stor2 case
Running 0.10_1900.0_10.0_stor2 case
Running 0.10_1900.0_11.0_stor2 case
Running 0.10_1900.0_12.0_stor2 case
Running 0.10_1900.0_13.0_stor2 case
Running 0.10_1900.0_14.0_stor2 case
Running 0.10_1900.0_15.0_stor2 case
Running 0.05_2400.0_3.0_stor2 case
Running 0.05_2400.0_1.0_stor2 case
Running 0.05_2400.0_2.0_stor2 case
Running 0.05_2400.0_4.0_stor2 case
Running 0.05_2400.0_5.0_stor2 case
Running 0.05_2400.0_6.0_stor2 case
Running 0.05_2400.0_7.0_stor2 case
Running 0.05_2400.0_8.0_stor2 case
Running 0.05_2400.0_9.0_stor2 case
Running 0.05_2400.0_10.0_stor2 case
Running 0.05_2400.0_11.0_stor2 case
Running 0.05_2400.0_12.0_stor2 case
Running 0.05_2400.0_13.0_stor2 case
Running 0.05_2400.0_14.0_stor2 case
Running 0.05_2400.0_15.0_stor2 case
Running 0.05_2300.0_3.0_stor2 case
0.05_2300.0_3.0_stor2 results written to D:/Dropbox/1_Academics/Research/22-TEGS_modelling/TEGS GenX shared folder/GenX_runs\outputs\texas\temp_lossrate_sweep_stor2_v3\0.05_2300.0_3.0_stor2
Running 0.05_2300.0_1.0_stor2 case
0.05_2300.0_1.0_stor2 results written to D:/Dropbox/1_Academics/Research/22-TEGS_modelling/TEGS GenX shared folder/GenX_runs\outputs\texas\temp_lossrate_sweep_stor2_v3\0.05_2300.0_1.0_stor2
Running 0.05_2300.0_2.0_stor2 case
0.05_2300.0_2.0_stor2 results written to D:/Dropbox/1_Academics/Research/22-TEGS_modelling/TEGS GenX shared folder/GenX_runs\outputs\texas\temp_lossrate_sweep_stor2_v3\0.05_2300.0_2.0_stor2
Running 0.05_2300.0_4.0_stor2 case
0.05_2300.0_4.0_stor2 results written to D:/Dropbox/1_Academics/Research/22-TEGS_modelling/TEGS GenX shared folder/GenX_runs\outputs\texas\temp_lossrate_sweep_stor2_v3\0.05_2300.0_4.0_stor2
Running 0.05_2300.0_5.0_stor2 case
0.05_2300.0_5.0_stor2 results written to D:/Dropbox/1_Academics/Research/22-TEGS_modelling/TEGS GenX shared folder/GenX_runs\outputs\texas\temp_lossrate_sweep_stor2_v3\0.05_2300.0_5.0_stor2
Running 0.05_2300.0_6.0_stor2 case
0.05_2300.0_6.0_stor2 results written to D:/Dropbox/1_Academics/Research/22-TEGS_modelling/TEGS GenX shared folder/GenX_runs\outputs\texas\temp_lossrate_sweep_stor2_v3\0.05_2300.0_6.0_stor2
Running 0.05_2300.0_7.0_stor2 case
0.05_2300.0_7.0_stor2 results written to D:/Dropbox/1_Academics/Research/22-TEGS_modelling/TEGS GenX shared folder/GenX_runs\outputs\texas\temp_lossrate_sweep_stor2_v3\0.05_2300.0_7.0_stor2
Running 0.05_2300.0_8.0_stor2 case
0.05_2300.0_8.0_stor2 results written to D:/Dropbox/1_Academics/Research/22-TEGS_modelling/TEGS GenX shared folder/GenX_runs\outputs\texas\temp_lossrate_sweep_stor2_v3\0.05_2300.0_8.0_stor2
Running 0.05_2300.0_9.0_stor2 case
0.05_2300.0_9.0_stor2 results written to D:/Dropbox/1_Academics/Research/22-TEGS_modelling/TEGS GenX shared folder/GenX_runs\outputs\texas\temp_lossrate_sweep_stor2_v3\0.05_2300.0_9.0_stor2
Running 0.05_2300.0_10.0_stor2 case
0.05_2300.0_10.0_stor2 results written to D:/Dropbox/1_Academics/Research/22-TEGS_modelling/TEGS GenX shared folder/GenX_runs\outputs\texas\temp_lossrate_sweep_stor2_v3\0.05_2300.0_10.0_stor2
Running 0.05_2300.0_11.0_stor2 case
0.05_2300.0_11.0_stor2 results written to D:/Dropbox/1_Academics/Research/22-TEGS_modelling/TEGS GenX shared folder/GenX_runs\outputs\texas\temp_lossrate_sweep_stor2_v3\0.05_2300.0_11.0_stor2
Running 0.05_2300.0_12.0_stor2 case
0.05_2300.0_12.0_stor2 results written to D:/Dropbox/1_Academics/Research/22-TEGS_modelling/TEGS GenX shared folder/GenX_runs\outputs\texas\temp_lossrate_sweep_stor2_v3\0.05_2300.0_12.0_stor2
Running 0.05_2300.0_13.0_stor2 case
0.05_2300.0_13.0_stor2 results written to D:/Dropbox/1_Academics/Research/22-TEGS_modelling/TEGS GenX shared folder/GenX_runs\outputs\texas\temp_lossrate_sweep_stor2_v3\0.05_2300.0_13.0_stor2
Running 0.05_2300.0_14.0_stor2 case
0.05_2300.0_14.0_stor2 results written to D:/Dropbox/1_Academics/Research/22-TEGS_modelling/TEGS GenX shared folder/GenX_runs\outputs\texas\temp_lossrate_sweep_stor2_v3\0.05_2300.0_14.0_stor2
Running 0.05_2300.0_15.0_stor2 case
0.05_2300.0_15.0_stor2 results written to D:/Dropbox/1_Academics/Research/22-TEGS_modelling/TEGS GenX shared folder/GenX_runs\outputs\texas\temp_lossrate_sweep_stor2_v3\0.05_2300.0_15.0_stor2
Running 0.05_2100.0_3.0_stor2 case
0.05_2100.0_3.0_stor2 results written to D:/Dropbox/1_Academics/Research/22-TEGS_modelling/TEGS GenX shared folder/GenX_runs\outputs\texas\temp_lossrate_sweep_stor2_v3\0.05_2100.0_3.0_stor2
Running 0.05_2100.0_1.0_stor2 case
0.05_2100.0_1.0_stor2 results written to D:/Dropbox/1_Academics/Research/22-TEGS_modelling/TEGS GenX shared folder/GenX_runs\outputs\texas\temp_lossrate_sweep_stor2_v3\0.05_2100.0_1.0_stor2
Running 0.05_2100.0_2.0_stor2 case
0.05_2100.0_2.0_stor2 results written to D:/Dropbox/1_Academics/Research/22-TEGS_modelling/TEGS GenX shared folder/GenX_runs\outputs\texas\temp_lossrate_sweep_stor2_v3\0.05_2100.0_2.0_stor2
Running 0.05_2100.0_4.0_stor2 case
0.05_2100.0_4.0_stor2 results written to D:/Dropbox/1_Academics/Research/22-TEGS_modelling/TEGS GenX shared folder/GenX_runs\outputs\texas\temp_lossrate_sweep_stor2_v3\0.05_2100.0_4.0_stor2
Running 0.05_2100.0_5.0_stor2 case
0.05_2100.0_5.0_stor2 results written to D:/Dropbox/1_Academics/Research/22-TEGS_modelling/TEGS GenX shared folder/GenX_runs\outputs\texas\temp_lossrate_sweep_stor2_v3\0.05_2100.0_5.0_stor2
Running 0.05_2100.0_6.0_stor2 case
0.05_2100.0_6.0_stor2 results written to D:/Dropbox/1_Academics/Research/22-TEGS_modelling/TEGS GenX shared folder/GenX_runs\outputs\texas\temp_lossrate_sweep_stor2_v3\0.05_2100.0_6.0_stor2
Running 0.05_2100.0_7.0_stor2 case
0.05_2100.0_7.0_stor2 results written to D:/Dropbox/1_Academics/Research/22-TEGS_modelling/TEGS GenX shared folder/GenX_runs\outputs\texas\temp_lossrate_sweep_stor2_v3\0.05_2100.0_7.0_stor2
Running 0.05_2100.0_8.0_stor2 case
0.05_2100.0_8.0_stor2 results written to D:/Dropbox/1_Academics/Research/22-TEGS_modelling/TEGS GenX shared folder/GenX_runs\outputs\texas\temp_lossrate_sweep_stor2_v3\0.05_2100.0_8.0_stor2
Running 0.05_2100.0_9.0_stor2 case
0.05_2100.0_9.0_stor2 results written to D:/Dropbox/1_Academics/Research/22-TEGS_modelling/TEGS GenX shared folder/GenX_runs\outputs\texas\temp_lossrate_sweep_stor2_v3\0.05_2100.0_9.0_stor2
Running 0.05_2100.0_10.0_stor2 case
0.05_2100.0_10.0_stor2 results written to D:/Dropbox/1_Academics/Research/22-TEGS_modelling/TEGS GenX shared folder/GenX_runs\outputs\texas\temp_lossrate_sweep_stor2_v3\0.05_2100.0_10.0_stor2
Running 0.05_2100.0_11.0_stor2 case
0.05_2100.0_11.0_stor2 results written to D:/Dropbox/1_Academics/Research/22-TEGS_modelling/TEGS GenX shared folder/GenX_runs\outputs\texas\temp_lossrate_sweep_stor2_v3\0.05_2100.0_11.0_stor2
Running 0.05_2100.0_12.0_stor2 case
0.05_2100.0_12.0_stor2 results written to D:/Dropbox/1_Academics/Research/22-TEGS_modelling/TEGS GenX shared folder/GenX_runs\outputs\texas\temp_lossrate_sweep_stor2_v3\0.05_2100.0_12.0_stor2
Running 0.05_2100.0_13.0_stor2 case
0.05_2100.0_13.0_stor2 results written to D:/Dropbox/1_Academics/Research/22-TEGS_modelling/TEGS GenX shared folder/GenX_runs\outputs\texas\temp_lossrate_sweep_stor2_v3\0.05_2100.0_13.0_stor2
Running 0.05_2100.0_14.0_stor2 case
0.05_2100.0_14.0_stor2 results written to D:/Dropbox/1_Academics/Research/22-TEGS_modelling/TEGS GenX shared folder/GenX_runs\outputs\texas\temp_lossrate_sweep_stor2_v3\0.05_2100.0_14.0_stor2
Running 0.05_2100.0_15.0_stor2 case
0.05_2100.0_15.0_stor2 results written to D:/Dropbox/1_Academics/Research/22-TEGS_modelling/TEGS GenX shared folder/GenX_runs\outputs\texas\temp_lossrate_sweep_stor2_v3\0.05_2100.0_15.0_stor2
Running 0.05_1900.0_3.0_stor2 case
0.05_1900.0_3.0_stor2 results written to D:/Dropbox/1_Academics/Research/22-TEGS_modelling/TEGS GenX shared folder/GenX_runs\outputs\texas\temp_lossrate_sweep_stor2_v3\0.05_1900.0_3.0_stor2
Running 0.05_1900.0_1.0_stor2 case
0.05_1900.0_1.0_stor2 results written to D:/Dropbox/1_Academics/Research/22-TEGS_modelling/TEGS GenX shared folder/GenX_runs\outputs\texas\temp_lossrate_sweep_stor2_v3\0.05_1900.0_1.0_stor2
Running 0.05_1900.0_2.0_stor2 case
0.05_1900.0_2.0_stor2 results written to D:/Dropbox/1_Academics/Research/22-TEGS_modelling/TEGS GenX shared folder/GenX_runs\outputs\texas\temp_lossrate_sweep_stor2_v3\0.05_1900.0_2.0_stor2
Running 0.05_1900.0_4.0_stor2 case
0.05_1900.0_4.0_stor2 results written to D:/Dropbox/1_Academics/Research/22-TEGS_modelling/TEGS GenX shared folder/GenX_runs\outputs\texas\temp_lossrate_sweep_stor2_v3\0.05_1900.0_4.0_stor2
Running 0.05_1900.0_5.0_stor2 case
0.05_1900.0_5.0_stor2 results written to D:/Dropbox/1_Academics/Research/22-TEGS_modelling/TEGS GenX shared folder/GenX_runs\outputs\texas\temp_lossrate_sweep_stor2_v3\0.05_1900.0_5.0_stor2
Running 0.05_1900.0_6.0_stor2 case
0.05_1900.0_6.0_stor2 results written to D:/Dropbox/1_Academics/Research/22-TEGS_modelling/TEGS GenX shared folder/GenX_runs\outputs\texas\temp_lossrate_sweep_stor2_v3\0.05_1900.0_6.0_stor2
Running 0.05_1900.0_7.0_stor2 case
0.05_1900.0_7.0_stor2 results written to D:/Dropbox/1_Academics/Research/22-TEGS_modelling/TEGS GenX shared folder/GenX_runs\outputs\texas\temp_lossrate_sweep_stor2_v3\0.05_1900.0_7.0_stor2
Running 0.05_1900.0_8.0_stor2 case
0.05_1900.0_8.0_stor2 results written to D:/Dropbox/1_Academics/Research/22-TEGS_modelling/TEGS GenX shared folder/GenX_runs\outputs\texas\temp_lossrate_sweep_stor2_v3\0.05_1900.0_8.0_stor2
Running 0.05_1900.0_9.0_stor2 case
0.05_1900.0_9.0_stor2 results written to D:/Dropbox/1_Academics/Research/22-TEGS_modelling/TEGS GenX shared folder/GenX_runs\outputs\texas\temp_lossrate_sweep_stor2_v3\0.05_1900.0_9.0_stor2
Running 0.05_1900.0_10.0_stor2 case
0.05_1900.0_10.0_stor2 results written to D:/Dropbox/1_Academics/Research/22-TEGS_modelling/TEGS GenX shared folder/GenX_runs\outputs\texas\temp_lossrate_sweep_stor2_v3\0.05_1900.0_10.0_stor2
Running 0.05_1900.0_11.0_stor2 case
0.05_1900.0_11.0_stor2 results written to D:/Dropbox/1_Academics/Research/22-TEGS_modelling/TEGS GenX shared folder/GenX_runs\outputs\texas\temp_lossrate_sweep_stor2_v3\0.05_1900.0_11.0_stor2
Running 0.05_1900.0_12.0_stor2 case
0.05_1900.0_12.0_stor2 results written to D:/Dropbox/1_Academics/Research/22-TEGS_modelling/TEGS GenX shared folder/GenX_runs\outputs\texas\temp_lossrate_sweep_stor2_v3\0.05_1900.0_12.0_stor2
Running 0.05_1900.0_13.0_stor2 case
0.05_1900.0_13.0_stor2 results written to D:/Dropbox/1_Academics/Research/22-TEGS_modelling/TEGS GenX shared folder/GenX_runs\outputs\texas\temp_lossrate_sweep_stor2_v3\0.05_1900.0_13.0_stor2
Running 0.05_1900.0_14.0_stor2 case
0.05_1900.0_14.0_stor2 results written to D:/Dropbox/1_Academics/Research/22-TEGS_modelling/TEGS GenX shared folder/GenX_runs\outputs\texas\temp_lossrate_sweep_stor2_v3\0.05_1900.0_14.0_stor2
Running 0.05_1900.0_15.0_stor2 case
0.05_1900.0_15.0_stor2 results written to D:/Dropbox/1_Academics/Research/22-TEGS_modelling/TEGS GenX shared folder/GenX_runs\outputs\texas\temp_lossrate_sweep_stor2_v3\0.05_1900.0_15.0_stor2
Running 0.20_2400.0_3.0_stor2 case
0.20_2400.0_3.0_stor2 results written to D:/Dropbox/1_Academics/Research/22-TEGS_modelling/TEGS GenX shared folder/GenX_runs\outputs\texas\temp_lossrate_sweep_stor2_v3\0.20_2400.0_3.0_stor2
Running 0.20_2400.0_1.0_stor2 case
0.20_2400.0_1.0_stor2 results written to D:/Dropbox/1_Academics/Research/22-TEGS_modelling/TEGS GenX shared folder/GenX_runs\outputs\texas\temp_lossrate_sweep_stor2_v3\0.20_2400.0_1.0_stor2
Running 0.20_2400.0_2.0_stor2 case
0.20_2400.0_2.0_stor2 results written to D:/Dropbox/1_Academics/Research/22-TEGS_modelling/TEGS GenX shared folder/GenX_runs\outputs\texas\temp_lossrate_sweep_stor2_v3\0.20_2400.0_2.0_stor2
Running 0.20_2400.0_4.0_stor2 case
0.20_2400.0_4.0_stor2 results written to D:/Dropbox/1_Academics/Research/22-TEGS_modelling/TEGS GenX shared folder/GenX_runs\outputs\texas\temp_lossrate_sweep_stor2_v3\0.20_2400.0_4.0_stor2
Running 0.20_2400.0_5.0_stor2 case
0.20_2400.0_5.0_stor2 results written to D:/Dropbox/1_Academics/Research/22-TEGS_modelling/TEGS GenX shared folder/GenX_runs\outputs\texas\temp_lossrate_sweep_stor2_v3\0.20_2400.0_5.0_stor2
Running 0.20_2400.0_6.0_stor2 case
0.20_2400.0_6.0_stor2 results written to D:/Dropbox/1_Academics/Research/22-TEGS_modelling/TEGS GenX shared folder/GenX_runs\outputs\texas\temp_lossrate_sweep_stor2_v3\0.20_2400.0_6.0_stor2
Running 0.20_2400.0_7.0_stor2 case
0.20_2400.0_7.0_stor2 results written to D:/Dropbox/1_Academics/Research/22-TEGS_modelling/TEGS GenX shared folder/GenX_runs\outputs\texas\temp_lossrate_sweep_stor2_v3\0.20_2400.0_7.0_stor2
Running 0.20_2400.0_8.0_stor2 case
0.20_2400.0_8.0_stor2 results written to D:/Dropbox/1_Academics/Research/22-TEGS_modelling/TEGS GenX shared folder/GenX_runs\outputs\texas\temp_lossrate_sweep_stor2_v3\0.20_2400.0_8.0_stor2
Running 0.20_2400.0_9.0_stor2 case
0.20_2400.0_9.0_stor2 results written to D:/Dropbox/1_Academics/Research/22-TEGS_modelling/TEGS GenX shared folder/GenX_runs\outputs\texas\temp_lossrate_sweep_stor2_v3\0.20_2400.0_9.0_stor2
Running 0.20_2400.0_10.0_stor2 case
0.20_2400.0_10.0_stor2 results written to D:/Dropbox/1_Academics/Research/22-TEGS_modelling/TEGS GenX shared folder/GenX_runs\outputs\texas\temp_lossrate_sweep_stor2_v3\0.20_2400.0_10.0_stor2
Running 0.20_2400.0_11.0_stor2 case
0.20_2400.0_11.0_stor2 results written to D:/Dropbox/1_Academics/Research/22-TEGS_modelling/TEGS GenX shared folder/GenX_runs\outputs\texas\temp_lossrate_sweep_stor2_v3\0.20_2400.0_11.0_stor2
Running 0.20_2400.0_12.0_stor2 case
0.20_2400.0_12.0_stor2 results written to D:/Dropbox/1_Academics/Research/22-TEGS_modelling/TEGS GenX shared folder/GenX_runs\outputs\texas\temp_lossrate_sweep_stor2_v3\0.20_2400.0_12.0_stor2
Running 0.20_2400.0_13.0_stor2 case
0.20_2400.0_13.0_stor2 results written to D:/Dropbox/1_Academics/Research/22-TEGS_modelling/TEGS GenX shared folder/GenX_runs\outputs\texas\temp_lossrate_sweep_stor2_v3\0.20_2400.0_13.0_stor2
Running 0.20_2400.0_14.0_stor2 case
0.20_2400.0_14.0_stor2 results written to D:/Dropbox/1_Academics/Research/22-TEGS_modelling/TEGS GenX shared folder/GenX_runs\outputs\texas\temp_lossrate_sweep_stor2_v3\0.20_2400.0_14.0_stor2
Running 0.20_2400.0_15.0_stor2 case
0.20_2400.0_15.0_stor2 results written to D:/Dropbox/1_Academics/Research/22-TEGS_modelling/TEGS GenX shared folder/GenX_runs\outputs\texas\temp_lossrate_sweep_stor2_v3\0.20_2400.0_15.0_stor2
Running 0.20_2300.0_3.0_stor2 case
0.20_2300.0_3.0_stor2 results written to D:/Dropbox/1_Academics/Research/22-TEGS_modelling/TEGS GenX shared folder/GenX_runs\outputs\texas\temp_lossrate_sweep_stor2_v3\0.20_2300.0_3.0_stor2
Running 0.20_2300.0_1.0_stor2 case
0.20_2300.0_1.0_stor2 results written to D:/Dropbox/1_Academics/Research/22-TEGS_modelling/TEGS GenX shared folder/GenX_runs\outputs\texas\temp_lossrate_sweep_stor2_v3\0.20_2300.0_1.0_stor2
Running 0.20_2300.0_2.0_stor2 case
0.20_2300.0_2.0_stor2 results written to D:/Dropbox/1_Academics/Research/22-TEGS_modelling/TEGS GenX shared folder/GenX_runs\outputs\texas\temp_lossrate_sweep_stor2_v3\0.20_2300.0_2.0_stor2
Running 0.20_2300.0_4.0_stor2 case
0.20_2300.0_4.0_stor2 results written to D:/Dropbox/1_Academics/Research/22-TEGS_modelling/TEGS GenX shared folder/GenX_runs\outputs\texas\temp_lossrate_sweep_stor2_v3\0.20_2300.0_4.0_stor2
Running 0.20_2300.0_5.0_stor2 case
0.20_2300.0_5.0_stor2 results written to D:/Dropbox/1_Academics/Research/22-TEGS_modelling/TEGS GenX shared folder/GenX_runs\outputs\texas\temp_lossrate_sweep_stor2_v3\0.20_2300.0_5.0_stor2
Running 0.20_2300.0_6.0_stor2 case
0.20_2300.0_6.0_stor2 results written to D:/Dropbox/1_Academics/Research/22-TEGS_modelling/TEGS GenX shared folder/GenX_runs\outputs\texas\temp_lossrate_sweep_stor2_v3\0.20_2300.0_6.0_stor2
Running 0.20_2300.0_7.0_stor2 case
0.20_2300.0_7.0_stor2 results written to D:/Dropbox/1_Academics/Research/22-TEGS_modelling/TEGS GenX shared folder/GenX_runs\outputs\texas\temp_lossrate_sweep_stor2_v3\0.20_2300.0_7.0_stor2
Running 0.20_2300.0_8.0_stor2 case
0.20_2300.0_8.0_stor2 results written to D:/Dropbox/1_Academics/Research/22-TEGS_modelling/TEGS GenX shared folder/GenX_runs\outputs\texas\temp_lossrate_sweep_stor2_v3\0.20_2300.0_8.0_stor2
Running 0.20_2300.0_9.0_stor2 case
0.20_2300.0_9.0_stor2 results written to D:/Dropbox/1_Academics/Research/22-TEGS_modelling/TEGS GenX shared folder/GenX_runs\outputs\texas\temp_lossrate_sweep_stor2_v3\0.20_2300.0_9.0_stor2
Running 0.20_2300.0_10.0_stor2 case
0.20_2300.0_10.0_stor2 results written to D:/Dropbox/1_Academics/Research/22-TEGS_modelling/TEGS GenX shared folder/GenX_runs\outputs\texas\temp_lossrate_sweep_stor2_v3\0.20_2300.0_10.0_stor2
Running 0.20_2300.0_11.0_stor2 case
0.20_2300.0_11.0_stor2 results written to D:/Dropbox/1_Academics/Research/22-TEGS_modelling/TEGS GenX shared folder/GenX_runs\outputs\texas\temp_lossrate_sweep_stor2_v3\0.20_2300.0_11.0_stor2
Running 0.20_2300.0_12.0_stor2 case
0.20_2300.0_12.0_stor2 results written to D:/Dropbox/1_Academics/Research/22-TEGS_modelling/TEGS GenX shared folder/GenX_runs\outputs\texas\temp_lossrate_sweep_stor2_v3\0.20_2300.0_12.0_stor2
Running 0.20_2300.0_13.0_stor2 case
0.20_2300.0_13.0_stor2 results written to D:/Dropbox/1_Academics/Research/22-TEGS_modelling/TEGS GenX shared folder/GenX_runs\outputs\texas\temp_lossrate_sweep_stor2_v3\0.20_2300.0_13.0_stor2
Running 0.20_2300.0_14.0_stor2 case
0.20_2300.0_14.0_stor2 results written to D:/Dropbox/1_Academics/Research/22-TEGS_modelling/TEGS GenX shared folder/GenX_runs\outputs\texas\temp_lossrate_sweep_stor2_v3\0.20_2300.0_14.0_stor2
Running 0.20_2300.0_15.0_stor2 case
0.20_2300.0_15.0_stor2 results written to D:/Dropbox/1_Academics/Research/22-TEGS_modelling/TEGS GenX shared folder/GenX_runs\outputs\texas\temp_lossrate_sweep_stor2_v3\0.20_2300.0_15.0_stor2
Running 0.20_2100.0_3.0_stor2 case
0.20_2100.0_3.0_stor2 results written to D:/Dropbox/1_Academics/Research/22-TEGS_modelling/TEGS GenX shared folder/GenX_runs\outputs\texas\temp_lossrate_sweep_stor2_v3\0.20_2100.0_3.0_stor2
Running 0.20_2100.0_1.0_stor2 case
0.20_2100.0_1.0_stor2 results written to D:/Dropbox/1_Academics/Research/22-TEGS_modelling/TEGS GenX shared folder/GenX_runs\outputs\texas\temp_lossrate_sweep_stor2_v3\0.20_2100.0_1.0_stor2
Running 0.20_2100.0_2.0_stor2 case
0.20_2100.0_2.0_stor2 results written to D:/Dropbox/1_Academics/Research/22-TEGS_modelling/TEGS GenX shared folder/GenX_runs\outputs\texas\temp_lossrate_sweep_stor2_v3\0.20_2100.0_2.0_stor2
Running 0.20_2100.0_4.0_stor2 case
0.20_2100.0_4.0_stor2 results written to D:/Dropbox/1_Academics/Research/22-TEGS_modelling/TEGS GenX shared folder/GenX_runs\outputs\texas\temp_lossrate_sweep_stor2_v3\0.20_2100.0_4.0_stor2
Running 0.20_2100.0_5.0_stor2 case
0.20_2100.0_5.0_stor2 results written to D:/Dropbox/1_Academics/Research/22-TEGS_modelling/TEGS GenX shared folder/GenX_runs\outputs\texas\temp_lossrate_sweep_stor2_v3\0.20_2100.0_5.0_stor2
Running 0.20_2100.0_6.0_stor2 case
0.20_2100.0_6.0_stor2 results written to D:/Dropbox/1_Academics/Research/22-TEGS_modelling/TEGS GenX shared folder/GenX_runs\outputs\texas\temp_lossrate_sweep_stor2_v3\0.20_2100.0_6.0_stor2
Running 0.20_2100.0_7.0_stor2 case
0.20_2100.0_7.0_stor2 results written to D:/Dropbox/1_Academics/Research/22-TEGS_modelling/TEGS GenX shared folder/GenX_runs\outputs\texas\temp_lossrate_sweep_stor2_v3\0.20_2100.0_7.0_stor2
Running 0.20_2100.0_8.0_stor2 case
0.20_2100.0_8.0_stor2 results written to D:/Dropbox/1_Academics/Research/22-TEGS_modelling/TEGS GenX shared folder/GenX_runs\outputs\texas\temp_lossrate_sweep_stor2_v3\0.20_2100.0_8.0_stor2
Running 0.20_2100.0_9.0_stor2 case
0.20_2100.0_9.0_stor2 results written to D:/Dropbox/1_Academics/Research/22-TEGS_modelling/TEGS GenX shared folder/GenX_runs\outputs\texas\temp_lossrate_sweep_stor2_v3\0.20_2100.0_9.0_stor2
Running 0.20_2100.0_10.0_stor2 case
0.20_2100.0_10.0_stor2 results written to D:/Dropbox/1_Academics/Research/22-TEGS_modelling/TEGS GenX shared folder/GenX_runs\outputs\texas\temp_lossrate_sweep_stor2_v3\0.20_2100.0_10.0_stor2
Running 0.20_2100.0_11.0_stor2 case
0.20_2100.0_11.0_stor2 results written to D:/Dropbox/1_Academics/Research/22-TEGS_modelling/TEGS GenX shared folder/GenX_runs\outputs\texas\temp_lossrate_sweep_stor2_v3\0.20_2100.0_11.0_stor2
Running 0.20_2100.0_12.0_stor2 case
0.20_2100.0_12.0_stor2 results written to D:/Dropbox/1_Academics/Research/22-TEGS_modelling/TEGS GenX shared folder/GenX_runs\outputs\texas\temp_lossrate_sweep_stor2_v3\0.20_2100.0_12.0_stor2
Running 0.20_2100.0_13.0_stor2 case
0.20_2100.0_13.0_stor2 results written to D:/Dropbox/1_Academics/Research/22-TEGS_modelling/TEGS GenX shared folder/GenX_runs\outputs\texas\temp_lossrate_sweep_stor2_v3\0.20_2100.0_13.0_stor2
Running 0.20_2100.0_14.0_stor2 case
0.20_2100.0_14.0_stor2 results written to D:/Dropbox/1_Academics/Research/22-TEGS_modelling/TEGS GenX shared folder/GenX_runs\outputs\texas\temp_lossrate_sweep_stor2_v3\0.20_2100.0_14.0_stor2
Running 0.20_2100.0_15.0_stor2 case
0.20_2100.0_15.0_stor2 results written to D:/Dropbox/1_Academics/Research/22-TEGS_modelling/TEGS GenX shared folder/GenX_runs\outputs\texas\temp_lossrate_sweep_stor2_v3\0.20_2100.0_15.0_stor2
Running 0.20_1900.0_3.0_stor2 case
0.20_1900.0_3.0_stor2 results written to D:/Dropbox/1_Academics/Research/22-TEGS_modelling/TEGS GenX shared folder/GenX_runs\outputs\texas\temp_lossrate_sweep_stor2_v3\0.20_1900.0_3.0_stor2
Running 0.20_1900.0_1.0_stor2 case
0.20_1900.0_1.0_stor2 results written to D:/Dropbox/1_Academics/Research/22-TEGS_modelling/TEGS GenX shared folder/GenX_runs\outputs\texas\temp_lossrate_sweep_stor2_v3\0.20_1900.0_1.0_stor2
Running 0.20_1900.0_2.0_stor2 case
0.20_1900.0_2.0_stor2 results written to D:/Dropbox/1_Academics/Research/22-TEGS_modelling/TEGS GenX shared folder/GenX_runs\outputs\texas\temp_lossrate_sweep_stor2_v3\0.20_1900.0_2.0_stor2
Running 0.20_1900.0_4.0_stor2 case
0.20_1900.0_4.0_stor2 results written to D:/Dropbox/1_Academics/Research/22-TEGS_modelling/TEGS GenX shared folder/GenX_runs\outputs\texas\temp_lossrate_sweep_stor2_v3\0.20_1900.0_4.0_stor2
Running 0.20_1900.0_5.0_stor2 case
0.20_1900.0_5.0_stor2 results written to D:/Dropbox/1_Academics/Research/22-TEGS_modelling/TEGS GenX shared folder/GenX_runs\outputs\texas\temp_lossrate_sweep_stor2_v3\0.20_1900.0_5.0_stor2
Running 0.20_1900.0_6.0_stor2 case
0.20_1900.0_6.0_stor2 results written to D:/Dropbox/1_Academics/Research/22-TEGS_modelling/TEGS GenX shared folder/GenX_runs\outputs\texas\temp_lossrate_sweep_stor2_v3\0.20_1900.0_6.0_stor2
Running 0.20_1900.0_7.0_stor2 case
0.20_1900.0_7.0_stor2 results written to D:/Dropbox/1_Academics/Research/22-TEGS_modelling/TEGS GenX shared folder/GenX_runs\outputs\texas\temp_lossrate_sweep_stor2_v3\0.20_1900.0_7.0_stor2
Running 0.20_1900.0_8.0_stor2 case
0.20_1900.0_8.0_stor2 results written to D:/Dropbox/1_Academics/Research/22-TEGS_modelling/TEGS GenX shared folder/GenX_runs\outputs\texas\temp_lossrate_sweep_stor2_v3\0.20_1900.0_8.0_stor2
Running 0.20_1900.0_9.0_stor2 case
0.20_1900.0_9.0_stor2 results written to D:/Dropbox/1_Academics/Research/22-TEGS_modelling/TEGS GenX shared folder/GenX_runs\outputs\texas\temp_lossrate_sweep_stor2_v3\0.20_1900.0_9.0_stor2
Running 0.20_1900.0_10.0_stor2 case
0.20_1900.0_10.0_stor2 results written to D:/Dropbox/1_Academics/Research/22-TEGS_modelling/TEGS GenX shared folder/GenX_runs\outputs\texas\temp_lossrate_sweep_stor2_v3\0.20_1900.0_10.0_stor2
Running 0.20_1900.0_11.0_stor2 case
0.20_1900.0_11.0_stor2 results written to D:/Dropbox/1_Academics/Research/22-TEGS_modelling/TEGS GenX shared folder/GenX_runs\outputs\texas\temp_lossrate_sweep_stor2_v3\0.20_1900.0_11.0_stor2
Running 0.20_1900.0_12.0_stor2 case
0.20_1900.0_12.0_stor2 results written to D:/Dropbox/1_Academics/Research/22-TEGS_modelling/TEGS GenX shared folder/GenX_runs\outputs\texas\temp_lossrate_sweep_stor2_v3\0.20_1900.0_12.0_stor2
Running 0.20_1900.0_13.0_stor2 case
0.20_1900.0_13.0_stor2 results written to D:/Dropbox/1_Academics/Research/22-TEGS_modelling/TEGS GenX shared folder/GenX_runs\outputs\texas\temp_lossrate_sweep_stor2_v3\0.20_1900.0_13.0_stor2
Running 0.20_1900.0_14.0_stor2 case
0.20_1900.0_14.0_stor2 results written to D:/Dropbox/1_Academics/Research/22-TEGS_modelling/TEGS GenX shared folder/GenX_runs\outputs\texas\temp_lossrate_sweep_stor2_v3\0.20_1900.0_14.0_stor2
Running 0.20_1900.0_15.0_stor2 case
0.20_1900.0_15.0_stor2 results written to D:/Dropbox/1_Academics/Research/22-TEGS_modelling/TEGS GenX shared folder/GenX_runs\outputs\texas\temp_lossrate_sweep_stor2_v3\0.20_1900.0_15.0_stor2
