Emissions cap activated
LIFETIME = 30.0
DISCOUNT_RATE = 0.05
STOR_TYPE = 2
Running 0.01_2400.0_3.0_stor2 case
0.01_2400.0_3.0_10.0_stor2 results written to D:/Dropbox/1_Academics/Research/22-TEGS_modelling/TEGS GenX shared folder/GenX_runs\outputs\newEngland\shadow_price_stor2\0.01_2400.0_3.0_10.0_stor2
Running 0.01_2400.0_3.0_stor2 case
0.01_2400.0_3.0_20.0_stor2 results written to D:/Dropbox/1_Academics/Research/22-TEGS_modelling/TEGS GenX shared folder/GenX_runs\outputs\newEngland\shadow_price_stor2\0.01_2400.0_3.0_20.0_stor2
Running 0.01_2400.0_3.0_stor2 case
0.01_2400.0_3.0_50.0_stor2 results written to D:/Dropbox/1_Academics/Research/22-TEGS_modelling/TEGS GenX shared folder/GenX_runs\outputs\newEngland\shadow_price_stor2\0.01_2400.0_3.0_50.0_stor2
Running 0.01_2400.0_3.0_stor2 case
0.01_2400.0_3.0_100.0_stor2 results written to D:/Dropbox/1_Academics/Research/22-TEGS_modelling/TEGS GenX shared folder/GenX_runs\outputs\newEngland\shadow_price_stor2\0.01_2400.0_3.0_100.0_stor2
Running 0.01_2400.0_3.0_stor2 case
0.01_2400.0_3.0_200.0_stor2 results written to D:/Dropbox/1_Academics/Research/22-TEGS_modelling/TEGS GenX shared folder/GenX_runs\outputs\newEngland\shadow_price_stor2\0.01_2400.0_3.0_200.0_stor2
Running 0.01_2400.0_3.0_stor2 case
0.01_2400.0_3.0_500.0_stor2 results written to D:/Dropbox/1_Academics/Research/22-TEGS_modelling/TEGS GenX shared folder/GenX_runs\outputs\newEngland\shadow_price_stor2\0.01_2400.0_3.0_500.0_stor2
Running 0.01_2400.0_3.0_stor2 case
0.01_2400.0_3.0_1000.0_stor2 results written to D:/Dropbox/1_Academics/Research/22-TEGS_modelling/TEGS GenX shared folder/GenX_runs\outputs\newEngland\shadow_price_stor2\0.01_2400.0_3.0_1000.0_stor2
Running 0.01_2400.0_3.0_stor2 case
0.01_2400.0_3.0_2000.0_stor2 results written to D:/Dropbox/1_Academics/Research/22-TEGS_modelling/TEGS GenX shared folder/GenX_runs\outputs\newEngland\shadow_price_stor2\0.01_2400.0_3.0_2000.0_stor2
Running 0.01_2400.0_3.0_stor2 case
0.01_2400.0_3.0_5000.0_stor2 results written to D:/Dropbox/1_Academics/Research/22-TEGS_modelling/TEGS GenX shared folder/GenX_runs\outputs\newEngland\shadow_price_stor2\0.01_2400.0_3.0_5000.0_stor2
Running 0.01_2400.0_3.0_stor2 case
0.01_2400.0_3.0_10000.0_stor2 results written to D:/Dropbox/1_Academics/Research/22-TEGS_modelling/TEGS GenX shared folder/GenX_runs\outputs\newEngland\shadow_price_stor2\0.01_2400.0_3.0_10000.0_stor2
Emissions cap activated
LIFETIME = 30.0
DISCOUNT_RATE = 0.05
STOR_TYPE = 2
Running 0.01_2400.0_3.0_stor2 case
0.01_2400.0_3.0_10.0_stor2 results written to D:/Dropbox/1_Academics/Research/22-TEGS_modelling/TEGS GenX shared folder/GenX_runs\outputs\texas\shadow_price_stor2\0.01_2400.0_3.0_10.0_stor2
Running 0.01_2400.0_3.0_stor2 case
0.01_2400.0_3.0_20.0_stor2 results written to D:/Dropbox/1_Academics/Research/22-TEGS_modelling/TEGS GenX shared folder/GenX_runs\outputs\texas\shadow_price_stor2\0.01_2400.0_3.0_20.0_stor2
Running 0.01_2400.0_3.0_stor2 case
0.01_2400.0_3.0_50.0_stor2 results written to D:/Dropbox/1_Academics/Research/22-TEGS_modelling/TEGS GenX shared folder/GenX_runs\outputs\texas\shadow_price_stor2\0.01_2400.0_3.0_50.0_stor2
Running 0.01_2400.0_3.0_stor2 case
0.01_2400.0_3.0_100.0_stor2 results written to D:/Dropbox/1_Academics/Research/22-TEGS_modelling/TEGS GenX shared folder/GenX_runs\outputs\texas\shadow_price_stor2\0.01_2400.0_3.0_100.0_stor2
Running 0.01_2400.0_3.0_stor2 case
0.01_2400.0_3.0_200.0_stor2 results written to D:/Dropbox/1_Academics/Research/22-TEGS_modelling/TEGS GenX shared folder/GenX_runs\outputs\texas\shadow_price_stor2\0.01_2400.0_3.0_200.0_stor2
Running 0.01_2400.0_3.0_stor2 case
0.01_2400.0_3.0_500.0_stor2 results written to D:/Dropbox/1_Academics/Research/22-TEGS_modelling/TEGS GenX shared folder/GenX_runs\outputs\texas\shadow_price_stor2\0.01_2400.0_3.0_500.0_stor2
Running 0.01_2400.0_3.0_stor2 case
0.01_2400.0_3.0_1000.0_stor2 results written to D:/Dropbox/1_Academics/Research/22-TEGS_modelling/TEGS GenX shared folder/GenX_runs\outputs\texas\shadow_price_stor2\0.01_2400.0_3.0_1000.0_stor2
Running 0.01_2400.0_3.0_stor2 case
0.01_2400.0_3.0_2000.0_stor2 results written to D:/Dropbox/1_Academics/Research/22-TEGS_modelling/TEGS GenX shared folder/GenX_runs\outputs\texas\shadow_price_stor2\0.01_2400.0_3.0_2000.0_stor2
Running 0.01_2400.0_3.0_stor2 case
0.01_2400.0_3.0_5000.0_stor2 results written to D:/Dropbox/1_Academics/Research/22-TEGS_modelling/TEGS GenX shared folder/GenX_runs\outputs\texas\shadow_price_stor2\0.01_2400.0_3.0_5000.0_stor2
Running 0.01_2400.0_3.0_stor2 case
0.01_2400.0_3.0_10000.0_stor2 results written to D:/Dropbox/1_Academics/Research/22-TEGS_modelling/TEGS GenX shared folder/GenX_runs\outputs\texas\shadow_price_stor2\0.01_2400.0_3.0_10000.0_stor2
